<?xml version="1.0" encoding="UTF-8"?>
<coverage generated="1579883207">
  <project timestamp="1579883207">
    <package name="AdrianoFerreira\DS\HashTable">
      <file name="/Users/adriano/sites/data-structures/src/HashTable/Node.php">
        <class name="AdrianoFerreira\DS\HashTable\Node" namespace="AdrianoFerreira\DS\HashTable">
          <metrics complexity="6" methods="6" coveredmethods="6" conditionals="0" coveredconditionals="0" statements="10" coveredstatements="10" elements="16" coveredelements="16"/>
        </class>
        <line num="12" type="method" name="__construct" visibility="public" complexity="1" crap="1" count="10"/>
        <line num="14" type="stmt" count="10"/>
        <line num="15" type="stmt" count="10"/>
        <line num="16" type="stmt" count="10"/>
        <line num="18" type="method" name="getNext" visibility="public" complexity="1" crap="1" count="1"/>
        <line num="19" type="stmt" count="1"/>
        <line num="22" type="method" name="setNext" visibility="public" complexity="1" crap="1" count="1"/>
        <line num="23" type="stmt" count="1"/>
        <line num="24" type="stmt" count="1"/>
        <line num="26" type="method" name="setValue" visibility="public" complexity="1" crap="1" count="5"/>
        <line num="28" type="stmt" count="5"/>
        <line num="29" type="stmt" count="5"/>
        <line num="31" type="method" name="getKey" visibility="public" complexity="1" crap="1" count="9"/>
        <line num="33" type="stmt" count="9"/>
        <line num="36" type="method" name="getValue" visibility="public" complexity="1" crap="1" count="9"/>
        <line num="38" type="stmt" count="9"/>
        <metrics loc="39" ncloc="39" classes="1" methods="6" coveredmethods="6" conditionals="0" coveredconditionals="0" statements="10" coveredstatements="10" elements="16" coveredelements="16"/>
      </file>
      <file name="/Users/adriano/sites/data-structures/src/HashTable/Table.php">
        <class name="AdrianoFerreira\DS\HashTable\Table" namespace="AdrianoFerreira\DS\HashTable">
          <metrics complexity="16" methods="8" coveredmethods="5" conditionals="0" coveredconditionals="0" statements="35" coveredstatements="32" elements="43" coveredelements="37"/>
        </class>
        <line num="11" type="method" name="__construct" visibility="public" complexity="2" crap="2.03" count="10"/>
        <line num="13" type="stmt" count="10"/>
        <line num="14" type="stmt" count="0"/>
        <line num="18" type="stmt" count="10"/>
        <line num="19" type="stmt" count="10"/>
        <line num="20" type="stmt" count="10"/>
        <line num="22" type="method" name="insert" visibility="public" complexity="2" crap="2" count="10"/>
        <line num="24" type="stmt" count="10"/>
        <line num="25" type="stmt" count="10"/>
        <line num="26" type="stmt" count="10"/>
        <line num="28" type="stmt" count="10"/>
        <line num="29" type="stmt" count="10"/>
        <line num="31" type="stmt" count="6"/>
        <line num="33" type="stmt" count="10"/>
        <line num="35" type="method" name="get" visibility="public" complexity="2" crap="2" count="10"/>
        <line num="37" type="stmt" count="10"/>
        <line num="38" type="stmt" count="10"/>
        <line num="39" type="stmt" count="10"/>
        <line num="40" type="stmt" count="1"/>
        <line num="43" type="stmt" count="9"/>
        <line num="46" type="method" name="getHelper" visibility="private" complexity="3" crap="3.07" count="9"/>
        <line num="48" type="stmt" count="9"/>
        <line num="49" type="stmt" count="9"/>
        <line num="50" type="stmt" count="1"/>
        <line num="51" type="stmt" count="1"/>
        <line num="53" type="stmt" count="0"/>
        <line num="57" type="method" name="insertHelper" visibility="private" complexity="3" crap="3.04" count="6"/>
        <line num="59" type="stmt" count="6"/>
        <line num="60" type="stmt" count="5"/>
        <line num="61" type="stmt" count="1"/>
        <line num="62" type="stmt" count="1"/>
        <line num="64" type="stmt" count="0"/>
        <line num="66" type="stmt" count="6"/>
        <line num="68" type="method" name="hash" visibility="private" complexity="2" crap="2" count="10"/>
        <line num="70" type="stmt" count="10"/>
        <line num="71" type="stmt" count="10"/>
        <line num="72" type="stmt" count="10"/>
        <line num="73" type="stmt" count="10"/>
        <line num="76" type="stmt" count="10"/>
        <line num="79" type="method" name="getBuckets" visibility="public" complexity="1" crap="1" count="9"/>
        <line num="81" type="stmt" count="9"/>
        <line num="84" type="method" name="normalizeKey" visibility="private" complexity="1" crap="1" count="10"/>
        <line num="86" type="stmt" count="10"/>
        <metrics loc="87" ncloc="87" classes="1" methods="8" coveredmethods="5" conditionals="0" coveredconditionals="0" statements="35" coveredstatements="32" elements="43" coveredelements="37"/>
      </file>
    </package>
    <metrics files="2" loc="126" ncloc="126" classes="2" methods="14" coveredmethods="11" conditionals="0" coveredconditionals="0" statements="45" coveredstatements="42" elements="59" coveredelements="53"/>
  </project>
</coverage>
